<?xml version="1.0" encoding="UTF-8"?>
<testsuite name="com.joantolos.palindrome.number.PalindromeNumberTest" tests="4" skipped="0" failures="0" errors="0" timestamp="2022-08-09T14:21:39" hostname="joans-macbook-pro-2.home" time="0.007">
  <properties/>
  <testcase name="shouldComplyWithExampleThree" classname="com.joantolos.palindrome.number.PalindromeNumberTest" time="0.004"/>
  <testcase name="shouldComplyWithExampleFour" classname="com.joantolos.palindrome.number.PalindromeNumberTest" time="0.001"/>
  <testcase name="shouldComplyWithExampleOne" classname="com.joantolos.palindrome.number.PalindromeNumberTest" time="0.001"/>
  <testcase name="shouldComplyWithExampleTwo" classname="com.joantolos.palindrome.number.PalindromeNumberTest" time="0.0"/>
  <system-out><![CDATA[]]></system-out>
  <system-err><![CDATA[]]></system-err>
</testsuite>
