<?xml version="1.0" encoding="UTF-8"?>
<testsuite name="union.find.UnionFindTest" tests="6" skipped="0" failures="0" errors="0" timestamp="2022-07-13T15:17:29" hostname="Joans-MacBook-Pro.local" time="0.002">
  <properties/>
  <testcase name="nineAndEightShouldBeConnected" classname="union.find.UnionFindTest" time="0.001"/>
  <testcase name="twoAndNineShouldNotBeConnected" classname="union.find.UnionFindTest" time="0.0"/>
  <testcase name="twoAndSevenShouldBeConnected" classname="union.find.UnionFindTest" time="0.001"/>
  <testcase name="sixAndSevenShouldNotBeConnected" classname="union.find.UnionFindTest" time="0.0"/>
  <testcase name="threeAndEightShouldBeConnected" classname="union.find.UnionFindTest" time="0.0"/>
  <testcase name="threeAndFourShouldBeConnected" classname="union.find.UnionFindTest" time="0.0"/>
  <system-out><![CDATA[]]></system-out>
  <system-err><![CDATA[]]></system-err>
</testsuite>
