<?xml version="1.0" encoding="UTF-8"?>
<testsuite name="com.joantolos.binary.search.BinarySearchTest" tests="3" skipped="0" failures="0" errors="0" timestamp="2022-08-09T14:15:42" hostname="joans-macbook-pro-2.home" time="0.005">
  <properties/>
  <testcase name="shouldWorkAsJavaImplementation" classname="com.joantolos.binary.search.BinarySearchTest" time="0.003"/>
  <testcase name="shouldComplyWithExampleOne" classname="com.joantolos.binary.search.BinarySearchTest" time="0.0"/>
  <testcase name="shouldComplyWithExampleTwo" classname="com.joantolos.binary.search.BinarySearchTest" time="0.001"/>
  <system-out><![CDATA[]]></system-out>
  <system-err><![CDATA[]]></system-err>
</testsuite>
